Build started 2020/2/14 19:36:21.
     1>Project "I:\juying\android\android&knowledge&principle&interview\18-append-c-and-cpp-module\cpp_project\cpp_test_project\opencv_test_p\opencv_test_p\opencv_test_p.vcxproj" on node 2 (build target(s)).
     1>InitializeBuildStatus:
         Touching "Debug\opencv_test_p.unsuccessfulbuild".
       ClCompile:
         I:\juying\soft_install\vs\vs10\VC\bin\CL.exe /c /ZI /nologo /W3 /WX- /Od /Oy- /D WIN32 /D _DEBUG /D _CONSOLE /D _UNICODE /D UNICODE /Gm /EHsc /RTC1 /MDd /GS /fp:precise /Zc:wchar_t /Zc:forScope /Fo"Debug\\" /Fd"Debug\vc100.pdb" /Gd /TP /analyze- /errorReport:prompt opencv_test_show_img.cpp
         opencv_test_show_img.cpp
     1>i:\juying\android\android&knowledge&principle&interview\18-append-c-and-cpp-module\cpp_project\cpp_test_project\opencv_test_p\opencv_test_p\opencv_test_show_img.cpp(5): warning C4566: character represented by universal-character-name '\u202A' cannot be represented in the current code page (936)
       ManifestResourceCompile:
         All outputs are up-to-date.
       Link:
         I:\juying\soft_install\vs\vs10\VC\bin\link.exe /ERRORREPORT:PROMPT /OUT:"I:\juying\android\android&knowledge&principle&interview\18-append-c-and-cpp-module\cpp_project\cpp_test_project\opencv_test_p\Debug\opencv_test_p.exe" /INCREMENTAL /NOLOGO opencv_world341d.lib kernel32.lib user32.lib gdi32.lib winspool.lib comdlg32.lib advapi32.lib shell32.lib ole32.lib oleaut32.lib uuid.lib odbc32.lib odbccp32.lib /MANIFEST /ManifestFile:"Debug\opencv_test_p.exe.intermediate.manifest" /MANIFESTUAC:"level='asInvoker' uiAccess='false'" /DEBUG /PDB:"I:\juying\android\android&knowledge&principle&interview\18-append-c-and-cpp-module\cpp_project\cpp_test_project\opencv_test_p\Debug\opencv_test_p.pdb" /SUBSYSTEM:CONSOLE /TLBID:1 /DYNAMICBASE /NXCOMPAT /IMPLIB:"I:\juying\android\android&knowledge&principle&interview\18-append-c-and-cpp-module\cpp_project\cpp_test_project\opencv_test_p\Debug\opencv_test_p.lib" /MACHINE:X86 Debug\opencv_test_p.exe.embed.manifest.res
         Debug\opencv_test_show_img.obj
     1>opencv_world341d.lib(opencv_world341d.dll) : fatal error LNK1112: module machine type 'x64' conflicts with target machine type 'X86'
     1>Done Building Project "I:\juying\android\android&knowledge&principle&interview\18-append-c-and-cpp-module\cpp_project\cpp_test_project\opencv_test_p\opencv_test_p\opencv_test_p.vcxproj" (build target(s)) -- FAILED.

Build FAILED.

Time Elapsed 00:00:11.43
